<?xml version="1.0" encoding="UTF-8"?>
<testsuite xmlns:xsi="http://www.w3.org/2001/XMLSchema-instance" xsi:noNamespaceSchemaLocation="https://maven.apache.org/surefire/maven-surefire-plugin/xsd/surefire-test-report-3.0.xsd" version="3.0" name="com.statestreet.exercises.DivisibilityCheckerTest" time="0.076" tests="4" errors="0" skipped="0" failures="0">
  <properties>
[...]
</properties>
  <testcase name="testDivisibilityByThreeAndFive" classname="com.statestreet.exercises.DivisibilityCheckerTest" time="0.039"/>
  <testcase name="testDivisibilityByFive" classname="com.statestreet.exercises.DivisibilityCheckerTest" time="0.001"/>
  <testcase name="testDivisibilityNormalNumbers" classname="com.statestreet.exercises.DivisibilityCheckerTest" time="0.002"/>
  <testcase name="testDivisibilityByThree" classname="com.statestreet.exercises.DivisibilityCheckerTest" time="0.001"/>
</testsuite>